<?xml version="1.0" encoding="utf-8"?><testsuites name="pytest tests"><testsuite name="pytest" errors="0" failures="0" skipped="0" tests="19" time="14.294" timestamp="2026-05-22T20:34:30.264795+00:00" hostname="agent-env-be2e8ac9-4354-4086-8ac0-8b3db85a8926"><testcase classname="backend.tests.test_audit_regression" name="test_health" time="0.177" /><testcase classname="backend.tests.test_audit_regression" name="test_full_dua_audio_streams_cleanly[male-300000-380000]" time="0.397" /><testcase classname="backend.tests.test_audit_regression" name="test_full_dua_audio_streams_cleanly[female-330000-410000]" time="0.230" /><testcase classname="backend.tests.test_audit_regression" name="test_full_dua_timeline_segments[male]" time="0.114" /><testcase classname="backend.tests.test_audit_regression" name="test_full_dua_timeline_segments[female]" time="0.127" /><testcase classname="backend.tests.test_audit_regression" name="test_r6_11_mawlana_aly_updated" time="0.138" /><testcase classname="backend.tests.test_audit_regression" name="test_tasbih_name_audio_wasl_normalized" time="0.118" /><testcase classname="backend.tests.test_audit_regression" name="test_dua_json_keeps_display_name_unchanged" time="2.377" /><testcase classname="backend.tests.test_audit_regression" name="test_dua_progress_requires_auth" time="0.188" /><testcase classname="backend.tests.test_audit_regression" name="test_dua_progress_roundtrip" time="2.741" /><testcase classname="backend.tests.test_audit_regression" name="test_dua_bookmarks_requires_auth" time="0.166" /><testcase classname="backend.tests.test_audit_regression" name="test_dua_bookmarks_crud_and_idempotent" time="0.652" /><testcase classname="backend.tests.test_audit_regression" name="test_route_ordering_progress_and_bookmarks_not_swallowed_by_catchall" time="0.275" /><testcase classname="backend.tests.test_audit_regression" name="test_noor_chat_suggests_dua_when_user_exhausted" time="5.652" /><testcase classname="backend.tests.test_audit_regression" name="test_guest_can_read_public" time="0.294" /><testcase classname="backend.tests.test_audit_regression" name="test_guest_blocked_on_member_only" time="0.232" /><testcase classname="backend.tests.test_audit_regression" name="test_no_auth_blocks_member_endpoints" time="0.199" /><testcase classname="backend.tests.test_audit_regression" name="test_member_bearer_auth_me_status_member" time="0.106" /><testcase classname="backend.tests.test_audit_regression" name="test_auth_session_cookie_is_90_days_in_code" time="0.003" /></testsuite></testsuites>