<?xml version="1.0" encoding="utf-8"?><testsuites name="pytest tests"><testsuite name="pytest" errors="0" failures="0" skipped="0" tests="15" time="1.695" timestamp="2026-05-21T19:52:24.275438+00:00" hostname="agent-env-be2e8ac9-4354-4086-8ac0-8b3db85a8926"><testcase classname="backend.tests.test_dua_rakaat.TestDuaList" name="test_dua_list_has_110_items" time="0.324" /><testcase classname="backend.tests.test_dua_rakaat.TestDuaList" name="test_dua_items_required_fields" time="0.077" /><testcase classname="backend.tests.test_dua_rakaat.TestDuaList" name="test_dua_six_distinct_rakaats" time="0.084" /><testcase classname="backend.tests.test_dua_rakaat.TestDuaList" name="test_dua_no_karim_anywhere" time="0.081" /><testcase classname="backend.tests.test_dua_rakaat.TestDuaList" name="test_dua_contains_shah_rahim_al_husayni" time="0.074" /><testcase classname="backend.tests.test_dua_rakaat.TestDuaList" name="test_dua_first_item_is_bismillah" time="0.076" /><testcase classname="backend.tests.test_dua_rakaat.TestDuaList" name="test_dua_credit_field" time="0.072" /><testcase classname="backend.tests.test_dua_rakaat.TestDuaFilter" name="test_dua_filter_rakaat_3" time="0.079" /><testcase classname="backend.tests.test_dua_rakaat.TestDuaFilter" name="test_dua_filter_each_rakaat_returns_items" time="0.371" /><testcase classname="backend.tests.test_dua_rakaat.TestDuaById" name="test_dua_by_id_valid" time="0.064" /><testcase classname="backend.tests.test_dua_rakaat.TestDuaById" name="test_dua_by_id_404" time="0.065" /><testcase classname="backend.tests.test_dua_rakaat.TestRegressions" name="test_health" time="0.059" /><testcase classname="backend.tests.test_dua_rakaat.TestRegressions" name="test_ginan_has_rahim_rename" time="0.062" /><testcase classname="backend.tests.test_dua_rakaat.TestRegressions" name="test_family_corner" time="0.062" /><testcase classname="backend.tests.test_dua_rakaat.TestRegressions" name="test_otp_endpoint_responds" time="0.060" /></testsuite></testsuites>