<?xml version="1.0" encoding="utf-8"?><testsuites name="pytest tests"><testsuite name="pytest" errors="0" failures="0" skipped="0" tests="5" time="0.817" timestamp="2026-07-20T08:59:43.709017+00:00" hostname="agent-env-be2e8ac9-4354-4086-8ac0-8b3db85a8926"><testcase classname="backend.tests.test_iteration7_smoke" name="test_health_ok" time="0.219" /><testcase classname="backend.tests.test_iteration7_smoke" name="test_jamatkhanas_us_texas_spring_present" time="0.091" /><testcase classname="backend.tests.test_iteration7_smoke" name="test_auth_guest_returns_session_token" time="0.104" /><testcase classname="backend.tests.test_iteration7_smoke" name="test_noor_usage_shape" time="0.096" /><testcase classname="backend.tests.test_iteration7_smoke" name="test_full_dua_timeline_male_ok" time="0.130" /></testsuite></testsuites>