<?xml version="1.0" encoding="utf-8"?><testsuites name="pytest tests"><testsuite name="pytest" errors="0" failures="0" skipped="0" tests="16" time="2.553" timestamp="2026-05-21T15:33:00.605597+00:00" hostname="agent-env-be2e8ac9-4354-4086-8ac0-8b3db85a8926"><testcase classname="backend.tests.test_phase4.TestAuth" name="test_guest_returns_session_token" time="0.171" /><testcase classname="backend.tests.test_phase4.TestAuth" name="test_auth_me" time="0.318" /><testcase classname="backend.tests.test_phase4.TestJamatkhanas" name="test_jamatkhanas_count_and_shape" time="0.080" /><testcase classname="backend.tests.test_phase4.TestJamatkhanas" name="test_jamatkhanas_nearby" time="0.064" /><testcase classname="backend.tests.test_phase4.TestOrgs" name="test_orgs_initial_then_create_then_delete" time="0.535" /><testcase classname="backend.tests.test_phase4.TestCommunitiesAsOrg" name="test_create_community_and_post_as_org" time="0.338" /><testcase classname="backend.tests.test_phase4.TestProfileCity" name="test_set_city_karachi" time="0.088" /><testcase classname="backend.tests.test_phase4.TestProfileCity" name="test_set_city_mumbai" time="0.081" /><testcase classname="backend.tests.test_phase4.TestSangat" name="test_sangat_keys_and_home_city" time="0.163" /><testcase classname="backend.tests.test_phase4.TestNoorDigest" name="test_digest_shape_and_cached" time="0.146" /><testcase classname="backend.tests.test_phase4.TestJournal" name="test_create_journal" time="0.079" /><testcase classname="backend.tests.test_phase4.TestRegression" name="test_health" time="0.127" /><testcase classname="backend.tests.test_phase4.TestRegression" name="test_communities_list" time="0.066" /><testcase classname="backend.tests.test_phase4.TestRegression" name="test_noor_today" time="0.073" /><testcase classname="backend.tests.test_phase4.TestRegression" name="test_tasbih_state" time="0.067" /><testcase classname="backend.tests.test_phase4.TestRegression" name="test_notifications" time="0.066" /></testsuite></testsuites>