<?xml version="1.0" encoding="utf-8"?><testsuites name="pytest tests"><testsuite name="pytest" errors="0" failures="0" skipped="0" tests="25" time="7.334" timestamp="2026-05-21T16:29:22.368084+00:00" hostname="agent-env-be2e8ac9-4354-4086-8ac0-8b3db85a8926"><testcase classname="backend.tests.test_sprint_invite_otp" name="test_health" time="0.227" /><testcase classname="backend.tests.test_sprint_invite_otp" name="test_founder_codes_seeded" time="0.003" /><testcase classname="backend.tests.test_sprint_invite_otp" name="test_invite_verify_identical_rejected" time="0.069" /><testcase classname="backend.tests.test_sprint_invite_otp" name="test_invite_verify_founder_pair_accepted" time="0.072" /><testcase classname="backend.tests.test_sprint_invite_otp" name="test_invite_verify_same_issuer_non_founder_rejected" time="0.287" /><testcase classname="backend.tests.test_sprint_invite_otp" name="test_invites_create_unlimited" time="0.418" /><testcase classname="backend.tests.test_sprint_invite_otp" name="test_otp_send_invalid_pending_returns_403" time="0.071" /><testcase classname="backend.tests.test_sprint_invite_otp" name="test_otp_verify_wrong_code_then_expired" time="0.206" /><testcase classname="backend.tests.test_sprint_invite_otp" name="test_otp_verify_5_wrong_then_429" time="0.138" /><testcase classname="backend.tests.test_sprint_invite_otp" name="test_otp_verify_happy_path_creates_user_and_session" time="0.149" /><testcase classname="backend.tests.test_sprint_invite_otp" name="test_quran_surahs_114" time="0.077" /><testcase classname="backend.tests.test_sprint_invite_otp" name="test_quran_surah_1_en" time="0.068" /><testcase classname="backend.tests.test_sprint_invite_otp" name="test_quran_surah_1_ur" time="0.072" /><testcase classname="backend.tests.test_sprint_invite_otp" name="test_quran_languages_min9" time="0.089" /><testcase classname="backend.tests.test_sprint_invite_otp" name="test_calendar_today" time="0.072" /><testcase classname="backend.tests.test_sprint_invite_otp" name="test_calendar_march_2026" time="0.064" /><testcase classname="backend.tests.test_sprint_invite_otp" name="test_calendar_dec_2026_salgirah" time="0.066" /><testcase classname="backend.tests.test_sprint_invite_otp" name="test_noor_moment_and_rate_limit" time="4.547" /><testcase classname="backend.tests.test_sprint_invite_otp" name="test_auth_me" time="0.071" /><testcase classname="backend.tests.test_sprint_invite_otp" name="test_noor_today" time="0.068" /><testcase classname="backend.tests.test_sprint_invite_otp" name="test_tasbih_state" time="0.071" /><testcase classname="backend.tests.test_sprint_invite_otp" name="test_communities" time="0.070" /><testcase classname="backend.tests.test_sprint_invite_otp" name="test_jamatkhanas_count_99" time="0.076" /><testcase classname="backend.tests.test_sprint_invite_otp" name="test_profile_sangat" time="0.071" /><testcase classname="backend.tests.test_sprint_invite_otp" name="test_noor_digest" time="0.074" /></testsuite></testsuites>