<?xml version="1.0" encoding="utf-8"?><testsuites name="pytest tests"><testsuite name="pytest" errors="0" failures="0" skipped="0" tests="12" time="3.459" timestamp="2026-05-21T17:10:30.838754+00:00" hostname="agent-env-be2e8ac9-4354-4086-8ac0-8b3db85a8926"><testcase classname="backend.tests.test_admin_invites_email" name="test_health" time="0.320" /><testcase classname="backend.tests.test_admin_invites_email" name="test_auth_guest_and_me" time="0.223" /><testcase classname="backend.tests.test_admin_invites_email" name="test_admin_me_guest_returns_false" time="0.304" /><testcase classname="backend.tests.test_admin_invites_email" name="test_admin_me_admin_returns_true" time="0.240" /><testcase classname="backend.tests.test_admin_invites_email" name="test_admin_orgs_forbidden_without_admin" time="0.285" /><testcase classname="backend.tests.test_admin_invites_email" name="test_admin_orgs_returns_list_for_admin" time="0.304" /><testcase classname="backend.tests.test_admin_invites_email" name="test_admin_verify_org_sets_and_cascades" time="0.342" /><testcase classname="backend.tests.test_admin_invites_email" name="test_admin_verify_org_unset_cascades" time="0.280" /><testcase classname="backend.tests.test_admin_invites_email" name="test_admin_verify_org_404_for_missing" time="0.188" /><testcase classname="backend.tests.test_admin_invites_email" name="test_invites_send_email_invalid_email_returns_400" time="0.191" /><testcase classname="backend.tests.test_admin_invites_email" name="test_invites_send_email_delivered_resend_dev_mints_two_codes" time="0.442" /><testcase classname="backend.tests.test_admin_invites_email" name="test_invites_mine_regression" time="0.205" /></testsuite></testsuites>